/*C14*/SET SCHEMA PUBLIC
INSERT INTO ACTIVITY VALUES(12,'promenad',58.3E0,18.3E0,6,1,'test4',0,'link')
INSERT INTO ACTIVITY_TYPES VALUES(12,FALSE,4)
INSERT INTO ACTIVITY_TYPES VALUES(12,FALSE,1)
INSERT INTO ACTIVITY_TYPES VALUES(12,FALSE,2)
INSERT INTO ACTIVITY_TYPES VALUES(12,FALSE,0)
INSERT INTO ACTIVITY_TYPES VALUES(12,FALSE,3)
INSERT INTO ACTIVITY_TYPES VALUES(12,FALSE,5)
INSERT INTO WEATHER_TYPES VALUES(12,FALSE,8)
INSERT INTO WEATHER_TYPES VALUES(12,FALSE,13)
INSERT INTO WEATHER_TYPES VALUES(12,FALSE,11)
INSERT INTO WEATHER_TYPES VALUES(12,FALSE,2)
INSERT INTO WEATHER_TYPES VALUES(12,FALSE,0)
INSERT INTO WEATHER_TYPES VALUES(12,FALSE,5)
INSERT INTO WEATHER_TYPES VALUES(12,FALSE,12)
INSERT INTO WEATHER_TYPES VALUES(12,TRUE,14)
INSERT INTO WEATHER_TYPES VALUES(12,FALSE,1)
INSERT INTO WEATHER_TYPES VALUES(12,FALSE,3)
INSERT INTO WEATHER_TYPES VALUES(12,FALSE,9)
INSERT INTO WEATHER_TYPES VALUES(12,FALSE,4)
INSERT INTO WEATHER_TYPES VALUES(12,FALSE,10)
INSERT INTO WEATHER_TYPES VALUES(12,FALSE,6)
INSERT INTO WEATHER_TYPES VALUES(12,FALSE,7)
COMMIT
/*C13*/SET SCHEMA PUBLIC
DISCONNECT
/*C12*/SET SCHEMA PUBLIC
DISCONNECT
